2023-10-07 22:34:15 [INFO] - Start thread ThreadDetectSymbolBigChangeInTime!
2023-10-07 23:42:36 [INFO] - Symbol price api erorr: CTSIUSDT
2023-10-08 00:34:49 [INFO] - Symbol price api erorr: XMRUSDT
2023-10-08 00:46:52 [INFO] - Symbol price api erorr: XMRUSDT
2023-10-08 00:52:54 [INFO] - Symbol price api erorr: SPELLUSDT
2023-10-08 00:54:54 [INFO] - Symbol price api erorr: SPELLUSDT
2023-10-08 01:23:01 [INFO] - Symbol price api erorr: PEOPLEUSDT
2023-10-08 02:19:16 [INFO] - Symbol price api erorr: BTCDOMUSDT
2023-10-08 02:47:23 [INFO] - Symbol price api erorr: BTCDOMUSDT
2023-10-08 02:49:23 [INFO] - Symbol price api erorr: BTCDOMUSDT
2023-10-08 02:51:24 [INFO] - Symbol price api erorr: BTCDOMUSDT
2023-10-08 02:55:25 [INFO] - Symbol price api erorr: BTCDOMUSDT
2023-10-08 04:26:45 [INFO] - Symbol price api erorr: PEOPLEUSDT
2023-10-08 04:28:46 [INFO] - Symbol price api erorr: PEOPLEUSDT
2023-10-08 04:30:46 [INFO] - Symbol price api erorr: PEOPLEUSDT
2023-10-08 04:34:47 [INFO] - Symbol price api erorr: PEOPLEUSDT
2023-10-08 04:40:49 [INFO] - Symbol price api erorr: PEOPLEUSDT
2023-10-08 05:10:57 [INFO] - Symbol price api erorr: VETUSDT
2023-10-08 05:14:58 [INFO] - Symbol price api erorr: VETUSDT
2023-10-08 06:05:10 [INFO] - Symbol price api erorr: QTUMUSDT
2023-10-08 06:57:23 [INFO] - Symbol price api erorr: LINAUSDT
2023-10-08 07:03:25 [INFO] - Symbol price api erorr: MASKUSDT
2023-10-08 07:13:27 [INFO] - Symbol price api erorr: LINAUSDT
2023-10-08 07:15:28 [INFO] - Symbol price api erorr: LINAUSDT
2023-10-08 07:17:28 [INFO] - Symbol price api erorr: LINAUSDT
2023-10-08 07:19:29 [INFO] - Symbol price api erorr: LINAUSDT
2023-10-08 07:21:29 [INFO] - Symbol price api erorr: LINAUSDT
2023-10-08 07:27:31 [INFO] - Symbol price api erorr: LINAUSDT
2023-10-08 07:27:31 [INFO] - Symbol price api erorr: IDEXUSDT
2023-10-08 07:43:35 [INFO] - Symbol price api erorr: OMGUSDT
2023-10-08 07:47:36 [INFO] - Symbol price api erorr: OMGUSDT
2023-10-08 07:47:36 [INFO] - Symbol price api erorr: 1000SHIBUSDT
2023-10-08 07:57:38 [INFO] - Symbol price api erorr: GMTUSDT
2023-10-08 08:39:49 [INFO] - Symbol price api erorr: 1000SHIBUSDT
2023-10-08 09:03:55 [INFO] - Symbol price api erorr: VETUSDT
2023-10-08 09:05:55 [INFO] - Symbol price api erorr: VETUSDT
