2023-10-14 22:19:19 [INFO] - Big beard below SFPUSDT: beard/rate: 0.28/0.452% Open: 0.6279 Max: 0.6279 Close: 0.6196 TimeOpen: Sat Oct 14 22:00:00 ICT 2023 
2023-10-14 22:21:24 [INFO] - Big beard below SFPUSDT: beard/rate: 0.28/0.452% Open: 0.6279 Max: 0.6279 Close: 0.6196 TimeOpen: Sat Oct 14 22:00:00 ICT 2023 
2023-10-14 22:21:33 [INFO] - Big beard below COCOSUSDT: beard/rate: 1.89/1.091% Open: 1.713 Max: 1.732 Close: 1.732 TimeOpen: Mon May 29 14:30:00 ICT 2023 
2023-10-14 22:21:34 [INFO] - Big beard above HOTUSDT: beard/rate: 0.001/0.452% Open: 0.001107 Max: 0.001112 Close: 0.001107 TimeOpen: Sat Oct 14 22:00:00 ICT 2023 
2023-10-14 22:21:35 [INFO] - Big beard above STRAXUSDT: beard/rate: 0.6/0.842% Open: 0.711 Max: 0.719 Close: 0.713 TimeOpen: Sat Oct 14 22:00:00 ICT 2023 
2023-10-14 22:21:38 [INFO] - Big beard below RADUSDT: beard/rate: 0.5/0.403% Open: 1.252 Max: 1.252 Close: 1.242 TimeOpen: Sat Oct 14 22:00:00 ICT 2023 
2023-10-14 22:21:42 [INFO] - Big beard above TRBUSDT: beard/rate: 80/1.578% Open: 50.22 Max: 51.49 Close: 50.69 TimeOpen: Sat Oct 14 22:00:00 ICT 2023 
2023-10-14 22:21:43 [INFO] - Big beard below IOTXUSDT: beard/rate: 0.007/0.385% Open: 0.01821 Max: 0.01822 Close: 0.01819 TimeOpen: Sat Oct 14 22:00:00 ICT 2023 
2023-10-14 22:21:47 [INFO] - Big beard below AMBUSDT: beard/rate: 0.003/0.358% Open: 0.00844 Max: 0.00845 Close: 0.00839 TimeOpen: Sat Oct 14 22:00:00 ICT 2023 
2023-10-14 22:21:51 [INFO] - Big beard below C98USDT: beard/rate: 0.23/1.627% Open: 0.1418 Max: 0.142 Close: 0.1414 TimeOpen: Sat Oct 14 22:00:00 ICT 2023 
2023-10-14 22:21:52 [INFO] - Big beard above LOOMUSDT: beard/rate: 0.416/1.384% Open: 0.2978 Max: 0.30474 Close: 0.30058 TimeOpen: Sat Oct 14 22:00:00 ICT 2023 
2023-10-14 22:21:52 [INFO] - Big beard below LOOMUSDT: beard/rate: 0.112/0.373% Open: 0.2978 Max: 0.30474 Close: 0.30058 TimeOpen: Sat Oct 14 22:00:00 ICT 2023 
2023-10-14 22:21:54 [INFO] - Big beard above BNXUSDT: beard/rate: 0.1/0.385% Open: 0.2595 Max: 0.261 Close: 0.26 TimeOpen: Sat Oct 14 22:00:00 ICT 2023 
2023-10-14 22:22:06 [INFO] - Big beard above BLZUSDT: beard/rate: 0.04/0.344% Open: 0.1156 Max: 0.1167 Close: 0.1163 TimeOpen: Sat Oct 14 22:00:00 ICT 2023 
2023-10-14 22:22:06 [INFO] - Big beard below BLZUSDT: beard/rate: 0.05/0.43% Open: 0.1156 Max: 0.1167 Close: 0.1163 TimeOpen: Sat Oct 14 22:00:00 ICT 2023 
2023-10-14 22:22:07 [INFO] - Big beard above OGNUSDT: beard/rate: 0.07/0.596% Open: 0.1172 Max: 0.1181 Close: 0.1174 TimeOpen: Sat Oct 14 22:00:00 ICT 2023 
2023-10-14 22:22:08 [INFO] - Big beard above NMRUSDT: beard/rate: 6/0.499% Open: 12.03 Max: 12.09 Close: 12.02 TimeOpen: Sat Oct 14 22:00:00 ICT 2023 
2023-10-14 22:22:10 [INFO] - Big beard below AUDIOUSDT: beard/rate: 0.05/0.349% Open: 0.1434 Max: 0.1434 Close: 0.1434 TimeOpen: Sat Oct 14 22:00:00 ICT 2023 
2023-10-14 22:28:53 [INFO] - Big beard above LOOMUSDT: beard/rate: 0.416/1.384% Open: 0.2978 Max: 0.30474 Close: 0.30058 TimeOpen: Sat Oct 14 22:00:00 ICT 2023 
2023-10-14 22:29:08 [INFO] - Big beard below COCOSUSDT: beard/rate: 1.89/1.091% Open: 1.713 Max: 1.732 Close: 1.732 TimeOpen: Mon May 29 14:30:00 ICT 2023 
2023-10-14 22:29:11 [INFO] - Big beard below C98USDT: beard/rate: 0.23/1.627% Open: 0.1418 Max: 0.142 Close: 0.1414 TimeOpen: Sat Oct 14 22:00:00 ICT 2023 
2023-10-14 22:29:14 [INFO] - Big beard above TRBUSDT: beard/rate: 80/1.578% Open: 50.22 Max: 51.49 Close: 50.69 TimeOpen: Sat Oct 14 22:00:00 ICT 2023 
2023-10-14 22:31:42 [INFO] - Symbol price api erorr: IOTAUSDT
2023-10-14 22:32:05 [INFO] - Big beard above TRBUSDT: beard/rate: 56.6/1.094% Open: 50.648 Max: 52.3 Close: 51.734 TimeOpen: Sat Oct 14 22:15:00 ICT 2023 
2023-10-14 22:32:22 [INFO] - Symbol price api erorr: GMTUSDT
2023-10-14 22:32:23 [INFO] - Big beard below LOOMUSDT: beard/rate: 0.31/1.055% Open: 0.2965 Max: 0.2975 Close: 0.2937 TimeOpen: Sat Oct 14 22:15:00 ICT 2023 
2023-10-14 22:33:00 [INFO] - Big beard above BIGTIMEUSDT: beard/rate: 0.37/1.719% Open: 0.2117 Max: 0.2189 Close: 0.2152 TimeOpen: Sat Oct 14 22:15:00 ICT 2023 
2023-10-14 22:35:09 [INFO] - Big beard below LOOMUSDT: beard/rate: 0.0030999999999999917/1.055% Open: 0.2965 Max: 0.2975 Close: 0.2937 TimeOpen: Sat Oct 14 22:15:00 ICT 2023 
2023-10-14 22:35:37 [INFO] - Big beard above BIGTIMEUSDT: beard/rate: 0.003700000000000009/1.719% Open: 0.2117 Max: 0.2189 Close: 0.2152 TimeOpen: Sat Oct 14 22:15:00 ICT 2023 
2023-10-14 22:35:49 [INFO] - Big beard above TRBUSDT: beard/rate: 0.5659999999999954/1.094% Open: 50.648 Max: 52.3 Close: 51.734 TimeOpen: Sat Oct 14 22:15:00 ICT 2023 
2023-10-14 22:41:14 [INFO] - Big beard above TRBUSDT: beard/rate: 0.566/1.094% Open: 50.648 Max: 52.3 Close: 51.734 TimeOpen: Sat Oct 14 22:15:00 ICT 2023 
2023-10-14 22:41:33 [INFO] - Big beard below LOOMUSDT: beard/rate: 0.0031/1.055% Open: 0.2965 Max: 0.2975 Close: 0.2937 TimeOpen: Sat Oct 14 22:15:00 ICT 2023 
2023-10-14 22:42:08 [INFO] - Big beard above BIGTIMEUSDT: beard/rate: 0.0037/1.719% Open: 0.2117 Max: 0.2189 Close: 0.2152 TimeOpen: Sat Oct 14 22:15:00 ICT 2023 
2023-10-14 22:44:51 [INFO] - Start thread !
2023-10-14 22:45:19 [INFO] - Big beard above LOOMUSDT: beard/rate: 0.0052/1.753% Open: 0.2937 Max: 0.3018 Close: 0.2966 TimeOpen: Sat Oct 14 22:30:00 ICT 2023 
2023-10-14 22:46:15 [INFO] - Symbol price api erorr: UMAUSDT
2023-10-14 23:00:13 [INFO] - Symbol price api erorr: UMAUSDT
2023-10-14 23:00:29 [INFO] - Symbol price api erorr: CELOUSDT
2023-10-14 23:01:28 [INFO] - Big beard above BIGTIMEUSDT: beard/rate: 0.0047/1.971% Open: 0.2138 Max: 0.2432 Close: 0.2385 TimeOpen: Sat Oct 14 22:45:00 ICT 2023 
2023-10-14 23:14:53 [INFO] - Big beard below BAKEUSDT: beard/rate: 0.0013/1.05% Open: 0.1238 Max: 0.1238 Close: 0.1238 TimeOpen: Sat Oct 14 22:45:00 ICT 2023 
2023-10-14 23:15:20 [INFO] - Big beard below LOOMUSDT: beard/rate: 0.0088/2.8% Open: 0.303 Max: 0.3148 Close: 0.3143 TimeOpen: Sat Oct 14 23:00:00 ICT 2023 
2023-10-14 23:15:26 [INFO] - Symbol price api erorr: IDUSDT
2023-10-14 23:15:37 [INFO] - Symbol price api erorr: ALICEUSDT
2023-10-14 23:15:48 [INFO] - Big beard above BIGTIMEUSDT: beard/rate: 0.0078/3.325% Open: 0.2385 Max: 0.2463 Close: 0.2346 TimeOpen: Sat Oct 14 23:00:00 ICT 2023 
2023-10-14 23:15:49 [INFO] - Big beard below BIGTIMEUSDT: beard/rate: 0.0027/1.151% Open: 0.2385 Max: 0.2463 Close: 0.2346 TimeOpen: Sat Oct 14 23:00:00 ICT 2023 
2023-10-14 23:16:35 [INFO] - Symbol price api erorr: IOTAUSDT
