2023-10-05 11:58:12 [INFO] - Close order respon: {"clientOrderId":"vLoLkjxopf8IIJAC3Ukv95","cumQty":null,"cumQuote":203.73856,"executedQty":1863,"orderId":168544763,"avgPrice":0.1093605,"origQty":1863,"price":0,"reduceOnly":false,"side":"SELL","positionSide":"BOTH","status":"FILLED","stopPrice":0,"closePosition":false,"symbol":"DODOXUSDT","timeInForce":"GTC","type":"MARKET","origType":"MARKET","activatePrice":null,"priceRate":null,"updateTime":1696481872672,"workingType":"CONTRACT_PRICE","priceProtect":false}
2023-10-05 16:17:50 [INFO] - Reject all stable coin or not pair usdt: DOGEBUSD
2023-10-05 16:17:55 [INFO] - Reject all stable coin or not pair usdt: ETHUSDT_230929
2023-10-05 16:17:56 [INFO] - Symbol price api erorr: PEOPLEUSDT
2023-10-05 16:17:57 [INFO] - Reject all stable coin or not pair usdt: APEBUSD
2023-10-05 16:17:59 [INFO] - Reject all stable coin or not pair usdt: XRPBUSD
2023-10-05 16:18:00 [INFO] - Reject all stable coin or not pair usdt: BTCUSDT_231229
2023-10-05 16:18:00 [INFO] - Reject all stable coin or not pair usdt: FILBUSD
2023-10-05 16:18:01 [INFO] - Symbol price api erorr: ALICEUSDT
2023-10-05 16:18:02 [INFO] - Reject all stable coin or not pair usdt: LINKBUSD
2023-10-05 16:18:02 [INFO] - Reject all stable coin or not pair usdt: LDOBUSD
2023-10-05 16:18:03 [INFO] - Reject all stable coin or not pair usdt: DODOBUSD
2023-10-05 16:18:03 [INFO] - Reject all stable coin or not pair usdt: TRXBUSD
2023-10-05 16:18:05 [INFO] - Reject all stable coin or not pair usdt: BTCUSDT_230929
2023-10-05 16:18:06 [INFO] - Reject all stable coin or not pair usdt: ETHBTC
2023-10-05 16:18:08 [INFO] - Reject all stable coin or not pair usdt: SANDBUSD
2023-10-05 16:18:08 [INFO] - Reject all stable coin or not pair usdt: LTCBUSD
2023-10-05 16:18:08 [INFO] - Reject all stable coin or not pair usdt: AVAXBUSD
2023-10-05 16:18:10 [INFO] - Reject all stable coin or not pair usdt: BTCUSDT_240329
2023-10-05 16:18:12 [INFO] - Reject all stable coin or not pair usdt: ADABUSD
2023-10-05 16:18:12 [INFO] - Reject all stable coin or not pair usdt: FTMBUSD
2023-10-05 16:18:12 [INFO] - Reject all stable coin or not pair usdt: GALABUSD
2023-10-05 16:18:13 [INFO] - Reject all stable coin or not pair usdt: BTCBUSD
2023-10-05 16:18:13 [INFO] - Reject all stable coin or not pair usdt: SOLBUSD
2023-10-05 16:18:14 [INFO] - Reject all stable coin or not pair usdt: USDCUSDT
2023-10-05 16:18:16 [INFO] - Symbol price api erorr: 1000FLOKIUSDT
2023-10-05 16:18:20 [INFO] - Reject all stable coin or not pair usdt: ETHUSDT_231229
2023-10-05 16:18:23 [INFO] - Reject all stable coin or not pair usdt: 1000SHIBBUSD
2023-10-05 16:18:23 [INFO] - Reject all stable coin or not pair usdt: ETHUSDT_240329
2023-10-05 16:18:23 [INFO] - Reject all stable coin or not pair usdt: AGIXBUSD
2023-10-05 16:18:24 [INFO] - Reject all stable coin or not pair usdt: PHBBUSD
2023-10-05 16:18:25 [INFO] - Reject all stable coin or not pair usdt: UNIBUSD
2023-10-05 16:18:27 [INFO] - Reject all stable coin or not pair usdt: MATICBUSD
2023-10-05 16:18:28 [INFO] - Reject all stable coin or not pair usdt: GMTBUSD
2023-10-05 16:18:28 [INFO] - Reject all stable coin or not pair usdt: ETCBUSD
2023-10-05 16:18:30 [INFO] - Reject all stable coin or not pair usdt: 1000LUNCBUSD
2023-10-05 16:18:31 [INFO] - Reject all stable coin or not pair usdt: ETHBUSD
2023-10-05 16:18:34 [INFO] - Reject all stable coin or not pair usdt: APTBUSD
2023-10-05 16:18:36 [INFO] - Reject all stable coin or not pair usdt: NEARBUSD
2023-10-05 16:18:37 [INFO] - Reject all stable coin or not pair usdt: DOTBUSD
2023-10-05 16:18:39 [INFO] - Reject all stable coin or not pair usdt: BNBBUSD
2023-10-05 16:27:11 [INFO] - Reject all stable coin or not pair usdt: DOGEBUSD
2023-10-05 16:27:15 [INFO] - Reject all stable coin or not pair usdt: ETHUSDT_230929
2023-10-05 16:27:18 [INFO] - Reject all stable coin or not pair usdt: APEBUSD
2023-10-05 16:27:21 [INFO] - Reject all stable coin or not pair usdt: XRPBUSD
2023-10-05 16:27:22 [INFO] - Reject all stable coin or not pair usdt: BTCUSDT_231229
2023-10-05 16:27:22 [INFO] - Reject all stable coin or not pair usdt: FILBUSD
2023-10-05 16:27:23 [INFO] - Reject all stable coin or not pair usdt: LINKBUSD
2023-10-05 16:27:23 [INFO] - Reject all stable coin or not pair usdt: LDOBUSD
2023-10-05 16:27:24 [INFO] - Reject all stable coin or not pair usdt: DODOBUSD
2023-10-05 16:27:24 [INFO] - Reject all stable coin or not pair usdt: TRXBUSD
2023-10-05 16:27:26 [INFO] - Reject all stable coin or not pair usdt: BTCUSDT_230929
2023-10-05 16:27:28 [INFO] - Reject all stable coin or not pair usdt: ETHBTC
2023-10-05 16:27:29 [INFO] - Reject all stable coin or not pair usdt: SANDBUSD
2023-10-05 16:27:30 [INFO] - Reject all stable coin or not pair usdt: LTCBUSD
2023-10-05 16:27:30 [INFO] - Reject all stable coin or not pair usdt: AVAXBUSD
2023-10-05 16:27:32 [INFO] - Reject all stable coin or not pair usdt: BTCUSDT_240329
2023-10-05 16:27:33 [INFO] - Reject all stable coin or not pair usdt: ADABUSD
2023-10-05 16:27:33 [INFO] - Reject all stable coin or not pair usdt: FTMBUSD
2023-10-05 16:27:34 [INFO] - Reject all stable coin or not pair usdt: GALABUSD
2023-10-05 16:27:35 [INFO] - Reject all stable coin or not pair usdt: BTCBUSD
2023-10-05 16:27:35 [INFO] - Reject all stable coin or not pair usdt: SOLBUSD
2023-10-05 16:27:35 [INFO] - Reject all stable coin or not pair usdt: USDCUSDT
2023-10-05 16:27:42 [INFO] - Reject all stable coin or not pair usdt: ETHUSDT_231229
2023-10-05 16:27:45 [INFO] - Reject all stable coin or not pair usdt: 1000SHIBBUSD
2023-10-05 16:27:46 [INFO] - Reject all stable coin or not pair usdt: ETHUSDT_240329
2023-10-05 16:27:46 [INFO] - Reject all stable coin or not pair usdt: AGIXBUSD
2023-10-05 16:27:46 [INFO] - Reject all stable coin or not pair usdt: PHBBUSD
2023-10-05 16:27:47 [INFO] - Reject all stable coin or not pair usdt: UNIBUSD
2023-10-05 16:27:50 [INFO] - Reject all stable coin or not pair usdt: MATICBUSD
2023-10-05 16:27:50 [INFO] - Reject all stable coin or not pair usdt: GMTBUSD
2023-10-05 16:27:51 [INFO] - Reject all stable coin or not pair usdt: ETCBUSD
2023-10-05 16:27:52 [INFO] - Reject all stable coin or not pair usdt: 1000LUNCBUSD
2023-10-05 16:27:53 [INFO] - Reject all stable coin or not pair usdt: ETHBUSD
2023-10-05 16:27:56 [INFO] - Reject all stable coin or not pair usdt: APTBUSD
2023-10-05 16:27:58 [INFO] - Reject all stable coin or not pair usdt: NEARBUSD
2023-10-05 16:27:59 [INFO] - Reject all stable coin or not pair usdt: DOTBUSD
2023-10-05 16:28:01 [INFO] - Reject all stable coin or not pair usdt: BNBBUSD
2023-10-05 16:28:47 [INFO] - Reject all stable coin or not pair usdt: DOGEBUSD
2023-10-05 16:28:52 [INFO] - Reject all stable coin or not pair usdt: ETHUSDT_230929
2023-10-05 16:28:54 [INFO] - Reject all stable coin or not pair usdt: APEBUSD
2023-10-05 16:28:56 [INFO] - Reject all stable coin or not pair usdt: XRPBUSD
2023-10-05 16:28:57 [INFO] - Reject all stable coin or not pair usdt: BTCUSDT_231229
2023-10-05 16:28:57 [INFO] - Reject all stable coin or not pair usdt: FILBUSD
2023-10-05 16:28:58 [INFO] - Reject all stable coin or not pair usdt: LINKBUSD
2023-10-05 16:28:58 [INFO] - Reject all stable coin or not pair usdt: LDOBUSD
2023-10-05 16:28:59 [INFO] - Reject all stable coin or not pair usdt: DODOBUSD
2023-10-05 16:28:59 [INFO] - Reject all stable coin or not pair usdt: TRXBUSD
2023-10-05 16:29:02 [INFO] - Reject all stable coin or not pair usdt: BTCUSDT_230929
2023-10-05 16:29:03 [INFO] - Reject all stable coin or not pair usdt: ETHBTC
2023-10-05 16:29:05 [INFO] - Reject all stable coin or not pair usdt: SANDBUSD
2023-10-05 16:29:06 [INFO] - Reject all stable coin or not pair usdt: LTCBUSD
2023-10-05 16:29:06 [INFO] - Reject all stable coin or not pair usdt: AVAXBUSD
2023-10-05 16:29:08 [INFO] - Reject all stable coin or not pair usdt: BTCUSDT_240329
2023-10-05 16:29:09 [INFO] - Reject all stable coin or not pair usdt: ADABUSD
2023-10-05 16:29:09 [INFO] - Reject all stable coin or not pair usdt: FTMBUSD
2023-10-05 16:29:09 [INFO] - Reject all stable coin or not pair usdt: GALABUSD
2023-10-05 16:29:10 [INFO] - Reject all stable coin or not pair usdt: BTCBUSD
2023-10-05 16:29:10 [INFO] - Reject all stable coin or not pair usdt: SOLBUSD
2023-10-05 16:29:11 [INFO] - Reject all stable coin or not pair usdt: USDCUSDT
2023-10-05 16:29:18 [INFO] - Reject all stable coin or not pair usdt: ETHUSDT_231229
2023-10-05 16:29:21 [INFO] - Reject all stable coin or not pair usdt: 1000SHIBBUSD
2023-10-05 16:29:21 [INFO] - Reject all stable coin or not pair usdt: ETHUSDT_240329
2023-10-05 16:29:21 [INFO] - Reject all stable coin or not pair usdt: AGIXBUSD
2023-10-05 16:29:22 [INFO] - Reject all stable coin or not pair usdt: PHBBUSD
2023-10-05 16:29:23 [INFO] - Reject all stable coin or not pair usdt: UNIBUSD
2023-10-05 16:29:26 [INFO] - Reject all stable coin or not pair usdt: MATICBUSD
2023-10-05 16:29:26 [INFO] - Reject all stable coin or not pair usdt: GMTBUSD
2023-10-05 16:29:26 [INFO] - Reject all stable coin or not pair usdt: ETCBUSD
2023-10-05 16:29:28 [INFO] - Reject all stable coin or not pair usdt: 1000LUNCBUSD
2023-10-05 16:29:29 [INFO] - Reject all stable coin or not pair usdt: ETHBUSD
2023-10-05 16:29:32 [INFO] - Reject all stable coin or not pair usdt: APTBUSD
2023-10-05 16:29:34 [INFO] - Reject all stable coin or not pair usdt: NEARBUSD
2023-10-05 16:29:35 [INFO] - Reject all stable coin or not pair usdt: DOTBUSD
2023-10-05 16:29:37 [INFO] - Reject all stable coin or not pair usdt: BNBBUSD
